2021-06-23 14:46:11,028 INFO [main] o.s.b.t.c.SpringBootTestContextBootstrapper [AbstractTestContextBootstrapper.java:305] Neither @ContextConfiguration nor @ContextHierarchy found for test class [net.guides.springboot2.logging.Springboot2LoggingApplicationTests], using SpringBootContextLoader
2021-06-23 14:46:11,036 INFO [main] o.s.t.c.s.AbstractContextLoader [AbstractContextLoader.java:264] Could not detect default resource locations for test class [net.guides.springboot2.logging.Springboot2LoggingApplicationTests]: no resource found for suffixes {-context.xml, Context.groovy}.
2021-06-23 14:46:11,038 INFO [main] o.s.t.c.s.AnnotationConfigContextLoaderUtils [AnnotationConfigContextLoaderUtils.java:83] Could not detect default configuration classes for test class [net.guides.springboot2.logging.Springboot2LoggingApplicationTests]: Springboot2LoggingApplicationTests does not declare any static, non-private, non-final, nested classes annotated with @Configuration.
2021-06-23 14:46:11,417 INFO [main] o.s.b.t.c.SpringBootTestContextBootstrapper [SpringBootTestContextBootstrapper.java:238] Found @SpringBootConfiguration net.guides.springboot2.logging.Springboot2LoggingApplication for test class net.guides.springboot2.logging.Springboot2LoggingApplicationTests
2021-06-23 14:46:11,921 INFO [main] o.s.b.t.c.SpringBootTestContextBootstrapper [AbstractTestContextBootstrapper.java:245] Loaded default TestExecutionListener class names from location [META-INF/spring.factories]: [org.springframework.boot.test.mock.mockito.MockitoTestExecutionListener, org.springframework.boot.test.mock.mockito.ResetMocksTestExecutionListener, org.springframework.boot.test.autoconfigure.restdocs.RestDocsTestExecutionListener, org.springframework.boot.test.autoconfigure.web.client.MockRestServiceServerResetTestExecutionListener, org.springframework.boot.test.autoconfigure.web.servlet.MockMvcPrintOnlyOnFailureTestExecutionListener, org.springframework.boot.test.autoconfigure.web.servlet.WebDriverTestExecutionListener, org.springframework.boot.test.autoconfigure.webservices.client.MockWebServiceServerTestExecutionListener, org.springframework.test.context.web.ServletTestExecutionListener, org.springframework.test.context.support.DirtiesContextBeforeModesTestExecutionListener, org.springframework.test.context.event.ApplicationEventsTestExecutionListener, org.springframework.test.context.support.DependencyInjectionTestExecutionListener, org.springframework.test.context.support.DirtiesContextTestExecutionListener, org.springframework.test.context.transaction.TransactionalTestExecutionListener, org.springframework.test.context.jdbc.SqlScriptsTestExecutionListener, org.springframework.test.context.event.EventPublishingTestExecutionListener, org.springframework.security.test.context.support.WithSecurityContextTestExecutionListener, org.springframework.security.test.context.support.ReactorContextTestExecutionListener]
2021-06-23 14:46:12,026 INFO [main] o.s.b.t.c.SpringBootTestContextBootstrapper [AbstractTestContextBootstrapper.java:174] Using TestExecutionListeners: [org.springframework.test.context.web.ServletTestExecutionListener@3383649e, org.springframework.test.context.support.DirtiesContextBeforeModesTestExecutionListener@10fde30a, org.springframework.test.context.event.ApplicationEventsTestExecutionListener@f27ea3, org.springframework.boot.test.mock.mockito.MockitoTestExecutionListener@1ce61929, org.springframework.boot.test.autoconfigure.SpringBootDependencyInjectionTestExecutionListener@346939bf, org.springframework.test.context.support.DirtiesContextTestExecutionListener@4bf3798b, org.springframework.test.context.transaction.TransactionalTestExecutionListener@58670130, org.springframework.test.context.jdbc.SqlScriptsTestExecutionListener@74e47444, org.springframework.test.context.event.EventPublishingTestExecutionListener@9bd0fa6, org.springframework.security.test.context.support.WithSecurityContextTestExecutionListener@59d2103b, org.springframework.security.test.context.support.ReactorContextTestExecutionListener@39dcf4b0, org.springframework.boot.test.mock.mockito.ResetMocksTestExecutionListener@6e4de19b, org.springframework.boot.test.autoconfigure.restdocs.RestDocsTestExecutionListener@f6c03cb, org.springframework.boot.test.autoconfigure.web.client.MockRestServiceServerResetTestExecutionListener@46f699d5, org.springframework.boot.test.autoconfigure.web.servlet.MockMvcPrintOnlyOnFailureTestExecutionListener@18518ccf, org.springframework.boot.test.autoconfigure.web.servlet.WebDriverTestExecutionListener@1991f767, org.springframework.boot.test.autoconfigure.webservices.client.MockWebServiceServerTestExecutionListener@768ccdc5]
2021-06-23 14:46:12,846 INFO [main] n.g.s.l.Springboot2LoggingApplicationTests [StartupInfoLogger.java:55] Starting Springboot2LoggingApplicationTests using Java 15.0.2 on DESKTOP-N2VQBHK with PID 9388 (started by Sai Teja in C:\Users\Sai Teja\Documents\workspace-spring-tool-suite-4-4.10.0.RELEASE\springboot2-logging)
2021-06-23 14:46:12,848 DEBUG [main] n.g.s.l.Springboot2LoggingApplicationTests [StartupInfoLogger.java:56] Running with Spring Boot v2.5.1, Spring v5.3.8
2021-06-23 14:46:12,855 INFO [main] n.g.s.l.Springboot2LoggingApplicationTests [SpringApplication.java:659] No active profile set, falling back to default profiles: default
2021-06-23 14:46:14,550 INFO [main] o.s.d.r.c.RepositoryConfigurationDelegate [RepositoryConfigurationDelegate.java:132] Bootstrapping Spring Data JPA repositories in DEFAULT mode.
2021-06-23 14:46:14,585 INFO [main] o.s.d.r.c.RepositoryConfigurationDelegate [RepositoryConfigurationDelegate.java:201] Finished Spring Data repository scanning in 20 ms. Found 0 JPA repository interfaces.
2021-06-23 14:46:15,534 WARN [main] o.s.w.c.s.GenericWebApplicationContext [AbstractApplicationContext.java:591] Exception encountered during context initialization - cancelling refresh attempt: org.springframework.beans.factory.UnsatisfiedDependencyException: Error creating bean with name 'dataSourceScriptDatabaseInitializer' defined in class path resource [org/springframework/boot/autoconfigure/sql/init/DataSourceInitializationConfiguration.class]: Unsatisfied dependency expressed through method 'dataSourceScriptDatabaseInitializer' parameter 0; nested exception is org.springframework.beans.factory.BeanCreationException: Error creating bean with name 'dataSource' defined in class path resource [org/springframework/boot/autoconfigure/jdbc/DataSourceConfiguration$Hikari.class]: Bean instantiation via factory method failed; nested exception is org.springframework.beans.BeanInstantiationException: Failed to instantiate [com.zaxxer.hikari.HikariDataSource]: Factory method 'dataSource' threw exception; nested exception is org.springframework.boot.autoconfigure.jdbc.DataSourceProperties$DataSourceBeanCreationException: Failed to determine a suitable driver class
2021-06-23 14:46:15,563 INFO [main] o.s.b.a.l.ConditionEvaluationReportLoggingListener [ConditionEvaluationReportLoggingListener.java:136] 

Error starting ApplicationContext. To display the conditions report re-run your application with 'debug' enabled.
2021-06-23 14:46:15,608 ERROR [main] o.s.b.d.LoggingFailureAnalysisReporter [LoggingFailureAnalysisReporter.java:40] 

***************************
APPLICATION FAILED TO START
***************************

Description:

Failed to configure a DataSource: 'url' attribute is not specified and no embedded datasource could be configured.

Reason: Failed to determine a suitable driver class


Action:

Consider the following:
	If you want an embedded database (H2, HSQL or Derby), please put it on the classpath.
	If you have database settings to be loaded from a particular profile you may need to activate it (no profiles are currently active).

2021-06-23 14:46:15,617 ERROR [main] o.s.t.c.TestContextManager [TestContextManager.java:248] Caught exception while allowing TestExecutionListener [org.springframework.test.context.web.ServletTestExecutionListener@3383649e] to prepare test instance [net.guides.springboot2.logging.Springboot2LoggingApplicationTests@bfec2f9]
java.lang.IllegalStateException: Failed to load ApplicationContext
	at org.springframework.test.context.cache.DefaultCacheAwareContextLoaderDelegate.loadContext(DefaultCacheAwareContextLoaderDelegate.java:132)
	at org.springframework.test.context.support.DefaultTestContext.getApplicationContext(DefaultTestContext.java:124)
	at org.springframework.test.context.web.ServletTestExecutionListener.setUpRequestContextIfNecessary(ServletTestExecutionListener.java:190)
	at org.springframework.test.context.web.ServletTestExecutionListener.prepareTestInstance(ServletTestExecutionListener.java:132)
	at org.springframework.test.context.TestContextManager.prepareTestInstance(TestContextManager.java:244)
	at org.springframework.test.context.junit.jupiter.SpringExtension.postProcessTestInstance(SpringExtension.java:138)
	at org.junit.jupiter.engine.descriptor.ClassBasedTestDescriptor.lambda$invokeTestInstancePostProcessors$6(ClassBasedTestDescriptor.java:350)
	at org.junit.jupiter.engine.descriptor.ClassBasedTestDescriptor.executeAndMaskThrowable(ClassBasedTestDescriptor.java:355)
	at org.junit.jupiter.engine.descriptor.ClassBasedTestDescriptor.lambda$invokeTestInstancePostProcessors$7(ClassBasedTestDescriptor.java:350)
	at java.base/java.util.stream.ReferencePipeline$3$1.accept(ReferencePipeline.java:195)
	at java.base/java.util.stream.ReferencePipeline$2$1.accept(ReferencePipeline.java:177)
	at java.base/java.util.ArrayList$ArrayListSpliterator.forEachRemaining(ArrayList.java:1625)
	at java.base/java.util.stream.AbstractPipeline.copyInto(AbstractPipeline.java:484)
	at java.base/java.util.stream.AbstractPipeline.wrapAndCopyInto(AbstractPipeline.java:474)
	at java.base/java.util.stream.StreamSpliterators$WrappingSpliterator.forEachRemaining(StreamSpliterators.java:312)
	at java.base/java.util.stream.Streams$ConcatSpliterator.forEachRemaining(Streams.java:735)
	at java.base/java.util.stream.Streams$ConcatSpliterator.forEachRemaining(Streams.java:734)
	at java.base/java.util.stream.ReferencePipeline$Head.forEach(ReferencePipeline.java:658)
	at org.junit.jupiter.engine.descriptor.ClassBasedTestDescriptor.invokeTestInstancePostProcessors(ClassBasedTestDescriptor.java:349)
	at org.junit.jupiter.engine.descriptor.ClassBasedTestDescriptor.lambda$instantiateAndPostProcessTestInstance$4(ClassBasedTestDescriptor.java:270)
	at org.junit.platform.engine.support.hierarchical.ThrowableCollector.execute(ThrowableCollector.java:73)
	at org.junit.jupiter.engine.descriptor.ClassBasedTestDescriptor.instantiateAndPostProcessTestInstance(ClassBasedTestDescriptor.java:269)
	at org.junit.jupiter.engine.descriptor.ClassBasedTestDescriptor.lambda$testInstancesProvider$2(ClassBasedTestDescriptor.java:259)
	at java.base/java.util.Optional.orElseGet(Optional.java:362)
	at org.junit.jupiter.engine.descriptor.ClassBasedTestDescriptor.lambda$testInstancesProvider$3(ClassBasedTestDescriptor.java:258)
	at org.junit.jupiter.engine.execution.TestInstancesProvider.getTestInstances(TestInstancesProvider.java:31)
	at org.junit.jupiter.engine.descriptor.TestMethodTestDescriptor.lambda$prepare$0(TestMethodTestDescriptor.java:101)
	at org.junit.platform.engine.support.hierarchical.ThrowableCollector.execute(ThrowableCollector.java:73)
	at org.junit.jupiter.engine.descriptor.TestMethodTestDescriptor.prepare(TestMethodTestDescriptor.java:100)
	at org.junit.jupiter.engine.descriptor.TestMethodTestDescriptor.prepare(TestMethodTestDescriptor.java:65)
	at org.junit.platform.engine.support.hierarchical.NodeTestTask.lambda$prepare$1(NodeTestTask.java:111)
	at org.junit.platform.engine.support.hierarchical.ThrowableCollector.execute(ThrowableCollector.java:73)
	at org.junit.platform.engine.support.hierarchical.NodeTestTask.prepare(NodeTestTask.java:111)
	at org.junit.platform.engine.support.hierarchical.NodeTestTask.execute(NodeTestTask.java:79)
	at java.base/java.util.ArrayList.forEach(ArrayList.java:1511)
	at org.junit.platform.engine.support.hierarchical.SameThreadHierarchicalTestExecutorService.invokeAll(SameThreadHierarchicalTestExecutorService.java:38)
	at org.junit.platform.engine.support.hierarchical.NodeTestTask.lambda$executeRecursively$5(NodeTestTask.java:143)
	at org.junit.platform.engine.support.hierarchical.ThrowableCollector.execute(ThrowableCollector.java:73)
	at org.junit.platform.engine.support.hierarchical.NodeTestTask.lambda$executeRecursively$7(NodeTestTask.java:129)
	at org.junit.platform.engine.support.hierarchical.Node.around(Node.java:137)
	at org.junit.platform.engine.support.hierarchical.NodeTestTask.lambda$executeRecursively$8(NodeTestTask.java:127)
	at org.junit.platform.engine.support.hierarchical.ThrowableCollector.execute(ThrowableCollector.java:73)
	at org.junit.platform.engine.support.hierarchical.NodeTestTask.executeRecursively(NodeTestTask.java:126)
	at org.junit.platform.engine.support.hierarchical.NodeTestTask.execute(NodeTestTask.java:84)
	at java.base/java.util.ArrayList.forEach(ArrayList.java:1511)
	at org.junit.platform.engine.support.hierarchical.SameThreadHierarchicalTestExecutorService.invokeAll(SameThreadHierarchicalTestExecutorService.java:38)
	at org.junit.platform.engine.support.hierarchical.NodeTestTask.lambda$executeRecursively$5(NodeTestTask.java:143)
	at org.junit.platform.engine.support.hierarchical.ThrowableCollector.execute(ThrowableCollector.java:73)
	at org.junit.platform.engine.support.hierarchical.NodeTestTask.lambda$executeRecursively$7(NodeTestTask.java:129)
	at org.junit.platform.engine.support.hierarchical.Node.around(Node.java:137)
	at org.junit.platform.engine.support.hierarchical.NodeTestTask.lambda$executeRecursively$8(NodeTestTask.java:127)
	at org.junit.platform.engine.support.hierarchical.ThrowableCollector.execute(ThrowableCollector.java:73)
	at org.junit.platform.engine.support.hierarchical.NodeTestTask.executeRecursively(NodeTestTask.java:126)
	at org.junit.platform.engine.support.hierarchical.NodeTestTask.execute(NodeTestTask.java:84)
	at org.junit.platform.engine.support.hierarchical.SameThreadHierarchicalTestExecutorService.submit(SameThreadHierarchicalTestExecutorService.java:32)
	at org.junit.platform.engine.support.hierarchical.HierarchicalTestExecutor.execute(HierarchicalTestExecutor.java:57)
	at org.junit.platform.engine.support.hierarchical.HierarchicalTestEngine.execute(HierarchicalTestEngine.java:51)
	at org.junit.platform.launcher.core.EngineExecutionOrchestrator.execute(EngineExecutionOrchestrator.java:108)
	at org.junit.platform.launcher.core.EngineExecutionOrchestrator.execute(EngineExecutionOrchestrator.java:88)
	at org.junit.platform.launcher.core.EngineExecutionOrchestrator.lambda$execute$0(EngineExecutionOrchestrator.java:54)
	at org.junit.platform.launcher.core.EngineExecutionOrchestrator.withInterceptedStreams(EngineExecutionOrchestrator.java:67)
	at org.junit.platform.launcher.core.EngineExecutionOrchestrator.execute(EngineExecutionOrchestrator.java:52)
	at org.junit.platform.launcher.core.DefaultLauncher.execute(DefaultLauncher.java:96)
	at org.junit.platform.launcher.core.DefaultLauncher.execute(DefaultLauncher.java:84)
	at org.eclipse.jdt.internal.junit5.runner.JUnit5TestReference.run(JUnit5TestReference.java:98)
	at org.eclipse.jdt.internal.junit.runner.TestExecution.run(TestExecution.java:40)
	at org.eclipse.jdt.internal.junit.runner.RemoteTestRunner.runTests(RemoteTestRunner.java:541)
	at org.eclipse.jdt.internal.junit.runner.RemoteTestRunner.runTests(RemoteTestRunner.java:768)
	at org.eclipse.jdt.internal.junit.runner.RemoteTestRunner.run(RemoteTestRunner.java:464)
	at org.eclipse.jdt.internal.junit.runner.RemoteTestRunner.main(RemoteTestRunner.java:210)
Caused by: org.springframework.beans.factory.UnsatisfiedDependencyException: Error creating bean with name 'dataSourceScriptDatabaseInitializer' defined in class path resource [org/springframework/boot/autoconfigure/sql/init/DataSourceInitializationConfiguration.class]: Unsatisfied dependency expressed through method 'dataSourceScriptDatabaseInitializer' parameter 0; nested exception is org.springframework.beans.factory.BeanCreationException: Error creating bean with name 'dataSource' defined in class path resource [org/springframework/boot/autoconfigure/jdbc/DataSourceConfiguration$Hikari.class]: Bean instantiation via factory method failed; nested exception is org.springframework.beans.BeanInstantiationException: Failed to instantiate [com.zaxxer.hikari.HikariDataSource]: Factory method 'dataSource' threw exception; nested exception is org.springframework.boot.autoconfigure.jdbc.DataSourceProperties$DataSourceBeanCreationException: Failed to determine a suitable driver class
	at org.springframework.beans.factory.support.ConstructorResolver.createArgumentArray(ConstructorResolver.java:800)
	at org.springframework.beans.factory.support.ConstructorResolver.instantiateUsingFactoryMethod(ConstructorResolver.java:541)
	at org.springframework.beans.factory.support.AbstractAutowireCapableBeanFactory.instantiateUsingFactoryMethod(AbstractAutowireCapableBeanFactory.java:1334)
	at org.springframework.beans.factory.support.AbstractAutowireCapableBeanFactory.createBeanInstance(AbstractAutowireCapableBeanFactory.java:1177)
	at org.springframework.beans.factory.support.AbstractAutowireCapableBeanFactory.doCreateBean(AbstractAutowireCapableBeanFactory.java:564)
	at org.springframework.beans.factory.support.AbstractAutowireCapableBeanFactory.createBean(AbstractAutowireCapableBeanFactory.java:524)
	at org.springframework.beans.factory.support.AbstractBeanFactory.lambda$doGetBean$0(AbstractBeanFactory.java:335)
	at org.springframework.beans.factory.support.DefaultSingletonBeanRegistry.getSingleton(DefaultSingletonBeanRegistry.java:234)
	at org.springframework.beans.factory.support.AbstractBeanFactory.doGetBean(AbstractBeanFactory.java:333)
	at org.springframework.beans.factory.support.AbstractBeanFactory.getBean(AbstractBeanFactory.java:208)
	at org.springframework.beans.factory.support.AbstractBeanFactory.doGetBean(AbstractBeanFactory.java:322)
	at org.springframework.beans.factory.support.AbstractBeanFactory.getBean(AbstractBeanFactory.java:208)
	at org.springframework.context.support.AbstractApplicationContext.getBean(AbstractApplicationContext.java:1154)
	at org.springframework.context.support.AbstractApplicationContext.finishBeanFactoryInitialization(AbstractApplicationContext.java:908)
	at org.springframework.context.support.AbstractApplicationContext.refresh(AbstractApplicationContext.java:583)
	at org.springframework.boot.SpringApplication.refresh(SpringApplication.java:754)
	at org.springframework.boot.SpringApplication.refreshContext(SpringApplication.java:434)
	at org.springframework.boot.SpringApplication.run(SpringApplication.java:338)
	at org.springframework.boot.test.context.SpringBootContextLoader.loadContext(SpringBootContextLoader.java:123)
	at org.springframework.test.context.cache.DefaultCacheAwareContextLoaderDelegate.loadContextInternal(DefaultCacheAwareContextLoaderDelegate.java:99)
	at org.springframework.test.context.cache.DefaultCacheAwareContextLoaderDelegate.loadContext(DefaultCacheAwareContextLoaderDelegate.java:124)
	... 69 common frames omitted
Caused by: org.springframework.beans.factory.BeanCreationException: Error creating bean with name 'dataSource' defined in class path resource [org/springframework/boot/autoconfigure/jdbc/DataSourceConfiguration$Hikari.class]: Bean instantiation via factory method failed; nested exception is org.springframework.beans.BeanInstantiationException: Failed to instantiate [com.zaxxer.hikari.HikariDataSource]: Factory method 'dataSource' threw exception; nested exception is org.springframework.boot.autoconfigure.jdbc.DataSourceProperties$DataSourceBeanCreationException: Failed to determine a suitable driver class
	at org.springframework.beans.factory.support.ConstructorResolver.instantiate(ConstructorResolver.java:658)
	at org.springframework.beans.factory.support.ConstructorResolver.instantiateUsingFactoryMethod(ConstructorResolver.java:638)
	at org.springframework.beans.factory.support.AbstractAutowireCapableBeanFactory.instantiateUsingFactoryMethod(AbstractAutowireCapableBeanFactory.java:1334)
	at org.springframework.beans.factory.support.AbstractAutowireCapableBeanFactory.createBeanInstance(AbstractAutowireCapableBeanFactory.java:1177)
	at org.springframework.beans.factory.support.AbstractAutowireCapableBeanFactory.doCreateBean(AbstractAutowireCapableBeanFactory.java:564)
	at org.springframework.beans.factory.support.AbstractAutowireCapableBeanFactory.createBean(AbstractAutowireCapableBeanFactory.java:524)
	at org.springframework.beans.factory.support.AbstractBeanFactory.lambda$doGetBean$0(AbstractBeanFactory.java:335)
	at org.springframework.beans.factory.support.DefaultSingletonBeanRegistry.getSingleton(DefaultSingletonBeanRegistry.java:234)
	at org.springframework.beans.factory.support.AbstractBeanFactory.doGetBean(AbstractBeanFactory.java:333)
	at org.springframework.beans.factory.support.AbstractBeanFactory.getBean(AbstractBeanFactory.java:208)
	at org.springframework.beans.factory.config.DependencyDescriptor.resolveCandidate(DependencyDescriptor.java:276)
	at org.springframework.beans.factory.support.DefaultListableBeanFactory.doResolveDependency(DefaultListableBeanFactory.java:1380)
	at org.springframework.beans.factory.support.DefaultListableBeanFactory.resolveDependency(DefaultListableBeanFactory.java:1300)
	at org.springframework.beans.factory.support.ConstructorResolver.resolveAutowiredArgument(ConstructorResolver.java:887)
	at org.springframework.beans.factory.support.ConstructorResolver.createArgumentArray(ConstructorResolver.java:791)
	... 89 common frames omitted
Caused by: org.springframework.beans.BeanInstantiationException: Failed to instantiate [com.zaxxer.hikari.HikariDataSource]: Factory method 'dataSource' threw exception; nested exception is org.springframework.boot.autoconfigure.jdbc.DataSourceProperties$DataSourceBeanCreationException: Failed to determine a suitable driver class
	at org.springframework.beans.factory.support.SimpleInstantiationStrategy.instantiate(SimpleInstantiationStrategy.java:185)
	at org.springframework.beans.factory.support.ConstructorResolver.instantiate(ConstructorResolver.java:653)
	... 103 common frames omitted
Caused by: org.springframework.boot.autoconfigure.jdbc.DataSourceProperties$DataSourceBeanCreationException: Failed to determine a suitable driver class
	at org.springframework.boot.autoconfigure.jdbc.DataSourceProperties.determineDriverClassName(DataSourceProperties.java:252)
	at org.springframework.boot.autoconfigure.jdbc.DataSourceProperties.initializeDataSourceBuilder(DataSourceProperties.java:193)
	at org.springframework.boot.autoconfigure.jdbc.DataSourceConfiguration.createDataSource(DataSourceConfiguration.java:48)
	at org.springframework.boot.autoconfigure.jdbc.DataSourceConfiguration$Hikari.dataSource(DataSourceConfiguration.java:90)
	at java.base/jdk.internal.reflect.NativeMethodAccessorImpl.invoke0(Native Method)
	at java.base/jdk.internal.reflect.NativeMethodAccessorImpl.invoke(NativeMethodAccessorImpl.java:64)
	at java.base/jdk.internal.reflect.DelegatingMethodAccessorImpl.invoke(DelegatingMethodAccessorImpl.java:43)
	at java.base/java.lang.reflect.Method.invoke(Method.java:564)
	at org.springframework.beans.factory.support.SimpleInstantiationStrategy.instantiate(SimpleInstantiationStrategy.java:154)
	... 104 common frames omitted
2021-06-23 14:46:34,437 INFO [main] n.g.s.l.Springboot2LoggingApplication [StartupInfoLogger.java:55] Starting Springboot2LoggingApplication using Java 15.0.2 on DESKTOP-N2VQBHK with PID 12784 (C:\Users\Sai Teja\Documents\workspace-spring-tool-suite-4-4.10.0.RELEASE\springboot2-logging\target\classes started by Sai Teja in C:\Users\Sai Teja\Documents\workspace-spring-tool-suite-4-4.10.0.RELEASE\springboot2-logging)
2021-06-23 14:46:34,440 DEBUG [main] n.g.s.l.Springboot2LoggingApplication [StartupInfoLogger.java:56] Running with Spring Boot v2.5.1, Spring v5.3.8
2021-06-23 14:46:34,441 INFO [main] n.g.s.l.Springboot2LoggingApplication [SpringApplication.java:659] No active profile set, falling back to default profiles: default
2021-06-23 14:46:35,192 INFO [main] o.s.d.r.c.RepositoryConfigurationDelegate [RepositoryConfigurationDelegate.java:132] Bootstrapping Spring Data JPA repositories in DEFAULT mode.
2021-06-23 14:46:35,211 INFO [main] o.s.d.r.c.RepositoryConfigurationDelegate [RepositoryConfigurationDelegate.java:201] Finished Spring Data repository scanning in 7 ms. Found 0 JPA repository interfaces.
2021-06-23 14:46:35,746 INFO [main] o.s.b.w.e.t.TomcatWebServer [TomcatWebServer.java:108] Tomcat initialized with port(s): 8080 (http)
2021-06-23 14:46:35,756 INFO [main] o.a.c.h.Http11NioProtocol [DirectJDKLog.java:173] Initializing ProtocolHandler ["http-nio-8080"]
2021-06-23 14:46:35,757 INFO [main] o.a.c.c.StandardService [DirectJDKLog.java:173] Starting service [Tomcat]
2021-06-23 14:46:35,757 INFO [main] o.a.c.c.StandardEngine [DirectJDKLog.java:173] Starting Servlet engine: [Apache Tomcat/9.0.46]
2021-06-23 14:46:35,859 INFO [main] o.a.c.c.C.[.[.[/] [DirectJDKLog.java:173] Initializing Spring embedded WebApplicationContext
2021-06-23 14:46:35,860 INFO [main] o.s.b.w.s.c.ServletWebServerApplicationContext [ServletWebServerApplicationContext.java:290] Root WebApplicationContext: initialization completed in 1360 ms
2021-06-23 14:46:35,931 WARN [main] o.s.b.w.s.c.AnnotationConfigServletWebServerApplicationContext [AbstractApplicationContext.java:591] Exception encountered during context initialization - cancelling refresh attempt: org.springframework.beans.factory.UnsatisfiedDependencyException: Error creating bean with name 'dataSourceScriptDatabaseInitializer' defined in class path resource [org/springframework/boot/autoconfigure/sql/init/DataSourceInitializationConfiguration.class]: Unsatisfied dependency expressed through method 'dataSourceScriptDatabaseInitializer' parameter 0; nested exception is org.springframework.beans.factory.BeanCreationException: Error creating bean with name 'dataSource' defined in class path resource [org/springframework/boot/autoconfigure/jdbc/DataSourceConfiguration$Hikari.class]: Bean instantiation via factory method failed; nested exception is org.springframework.beans.BeanInstantiationException: Failed to instantiate [com.zaxxer.hikari.HikariDataSource]: Factory method 'dataSource' threw exception; nested exception is org.springframework.boot.autoconfigure.jdbc.DataSourceProperties$DataSourceBeanCreationException: Failed to determine a suitable driver class
2021-06-23 14:46:35,935 INFO [main] o.a.c.c.StandardService [DirectJDKLog.java:173] Stopping service [Tomcat]
2021-06-23 14:46:35,950 INFO [main] o.s.b.a.l.ConditionEvaluationReportLoggingListener [ConditionEvaluationReportLoggingListener.java:136] 

Error starting ApplicationContext. To display the conditions report re-run your application with 'debug' enabled.
2021-06-23 14:46:35,975 ERROR [main] o.s.b.d.LoggingFailureAnalysisReporter [LoggingFailureAnalysisReporter.java:40] 

***************************
APPLICATION FAILED TO START
***************************

Description:

Failed to configure a DataSource: 'url' attribute is not specified and no embedded datasource could be configured.

Reason: Failed to determine a suitable driver class


Action:

Consider the following:
	If you want an embedded database (H2, HSQL or Derby), please put it on the classpath.
	If you have database settings to be loaded from a particular profile you may need to activate it (no profiles are currently active).

2021-06-23 14:51:52,181 INFO [main] o.s.b.t.c.SpringBootTestContextBootstrapper [AbstractTestContextBootstrapper.java:305] Neither @ContextConfiguration nor @ContextHierarchy found for test class [net.guides.springboot2.logging.Springboot2LoggingApplicationTests], using SpringBootContextLoader
2021-06-23 14:51:52,195 INFO [main] o.s.t.c.s.AbstractContextLoader [AbstractContextLoader.java:264] Could not detect default resource locations for test class [net.guides.springboot2.logging.Springboot2LoggingApplicationTests]: no resource found for suffixes {-context.xml, Context.groovy}.
2021-06-23 14:51:52,197 INFO [main] o.s.t.c.s.AnnotationConfigContextLoaderUtils [AnnotationConfigContextLoaderUtils.java:83] Could not detect default configuration classes for test class [net.guides.springboot2.logging.Springboot2LoggingApplicationTests]: Springboot2LoggingApplicationTests does not declare any static, non-private, non-final, nested classes annotated with @Configuration.
2021-06-23 14:51:52,435 INFO [main] o.s.b.t.c.SpringBootTestContextBootstrapper [SpringBootTestContextBootstrapper.java:238] Found @SpringBootConfiguration net.guides.springboot2.logging.Springboot2LoggingApplication for test class net.guides.springboot2.logging.Springboot2LoggingApplicationTests
2021-06-23 14:51:52,714 INFO [main] o.s.b.t.c.SpringBootTestContextBootstrapper [AbstractTestContextBootstrapper.java:245] Loaded default TestExecutionListener class names from location [META-INF/spring.factories]: [org.springframework.boot.test.mock.mockito.MockitoTestExecutionListener, org.springframework.boot.test.mock.mockito.ResetMocksTestExecutionListener, org.springframework.boot.test.autoconfigure.restdocs.RestDocsTestExecutionListener, org.springframework.boot.test.autoconfigure.web.client.MockRestServiceServerResetTestExecutionListener, org.springframework.boot.test.autoconfigure.web.servlet.MockMvcPrintOnlyOnFailureTestExecutionListener, org.springframework.boot.test.autoconfigure.web.servlet.WebDriverTestExecutionListener, org.springframework.boot.test.autoconfigure.webservices.client.MockWebServiceServerTestExecutionListener, org.springframework.test.context.web.ServletTestExecutionListener, org.springframework.test.context.support.DirtiesContextBeforeModesTestExecutionListener, org.springframework.test.context.event.ApplicationEventsTestExecutionListener, org.springframework.test.context.support.DependencyInjectionTestExecutionListener, org.springframework.test.context.support.DirtiesContextTestExecutionListener, org.springframework.test.context.transaction.TransactionalTestExecutionListener, org.springframework.test.context.jdbc.SqlScriptsTestExecutionListener, org.springframework.test.context.event.EventPublishingTestExecutionListener, org.springframework.security.test.context.support.WithSecurityContextTestExecutionListener, org.springframework.security.test.context.support.ReactorContextTestExecutionListener]
2021-06-23 14:51:52,766 INFO [main] o.s.b.t.c.SpringBootTestContextBootstrapper [AbstractTestContextBootstrapper.java:174] Using TestExecutionListeners: [org.springframework.test.context.web.ServletTestExecutionListener@6273c5a4, org.springframework.test.context.support.DirtiesContextBeforeModesTestExecutionListener@5d465e4b, org.springframework.test.context.event.ApplicationEventsTestExecutionListener@53e211ee, org.springframework.boot.test.mock.mockito.MockitoTestExecutionListener@41a90fa8, org.springframework.boot.test.autoconfigure.SpringBootDependencyInjectionTestExecutionListener@3d8bbcdc, org.springframework.test.context.support.DirtiesContextTestExecutionListener@52500920, org.springframework.test.context.transaction.TransactionalTestExecutionListener@117e0fe5, org.springframework.test.context.jdbc.SqlScriptsTestExecutionListener@18a3962d, org.springframework.test.context.event.EventPublishingTestExecutionListener@78aea4b9, org.springframework.security.test.context.support.WithSecurityContextTestExecutionListener@2a65bb85, org.springframework.security.test.context.support.ReactorContextTestExecutionListener@4b85880b, org.springframework.boot.test.mock.mockito.ResetMocksTestExecutionListener@4f936da8, org.springframework.boot.test.autoconfigure.restdocs.RestDocsTestExecutionListener@4215838f, org.springframework.boot.test.autoconfigure.web.client.MockRestServiceServerResetTestExecutionListener@452ba1db, org.springframework.boot.test.autoconfigure.web.servlet.MockMvcPrintOnlyOnFailureTestExecutionListener@2289aca5, org.springframework.boot.test.autoconfigure.web.servlet.WebDriverTestExecutionListener@76a36b71, org.springframework.boot.test.autoconfigure.webservices.client.MockWebServiceServerTestExecutionListener@184497d1]
2021-06-23 14:51:53,253 INFO [main] n.g.s.l.Springboot2LoggingApplicationTests [StartupInfoLogger.java:55] Starting Springboot2LoggingApplicationTests using Java 15.0.2 on DESKTOP-N2VQBHK with PID 14956 (started by Sai Teja in C:\Users\Sai Teja\Documents\workspace-spring-tool-suite-4-4.10.0.RELEASE\springboot2-logging)
2021-06-23 14:51:53,255 DEBUG [main] n.g.s.l.Springboot2LoggingApplicationTests [StartupInfoLogger.java:56] Running with Spring Boot v2.5.1, Spring v5.3.8
2021-06-23 14:51:53,257 INFO [main] n.g.s.l.Springboot2LoggingApplicationTests [SpringApplication.java:659] No active profile set, falling back to default profiles: default
2021-06-23 14:51:54,628 INFO [main] o.s.d.r.c.RepositoryConfigurationDelegate [RepositoryConfigurationDelegate.java:132] Bootstrapping Spring Data JPA repositories in DEFAULT mode.
2021-06-23 14:51:54,663 INFO [main] o.s.d.r.c.RepositoryConfigurationDelegate [RepositoryConfigurationDelegate.java:201] Finished Spring Data repository scanning in 13 ms. Found 0 JPA repository interfaces.
2021-06-23 14:51:56,132 WARN [main] o.s.w.c.s.GenericWebApplicationContext [AbstractApplicationContext.java:591] Exception encountered during context initialization - cancelling refresh attempt: org.springframework.beans.factory.UnsatisfiedDependencyException: Error creating bean with name 'dataSourceScriptDatabaseInitializer' defined in class path resource [org/springframework/boot/autoconfigure/sql/init/DataSourceInitializationConfiguration.class]: Unsatisfied dependency expressed through method 'dataSourceScriptDatabaseInitializer' parameter 0; nested exception is org.springframework.beans.factory.BeanCreationException: Error creating bean with name 'dataSource' defined in class path resource [org/springframework/boot/autoconfigure/jdbc/DataSourceConfiguration$Hikari.class]: Bean instantiation via factory method failed; nested exception is org.springframework.beans.BeanInstantiationException: Failed to instantiate [com.zaxxer.hikari.HikariDataSource]: Factory method 'dataSource' threw exception; nested exception is org.springframework.boot.autoconfigure.jdbc.DataSourceProperties$DataSourceBeanCreationException: Failed to determine a suitable driver class
2021-06-23 14:51:56,147 INFO [main] o.s.b.a.l.ConditionEvaluationReportLoggingListener [ConditionEvaluationReportLoggingListener.java:136] 

Error starting ApplicationContext. To display the conditions report re-run your application with 'debug' enabled.
2021-06-23 14:51:56,196 ERROR [main] o.s.b.d.LoggingFailureAnalysisReporter [LoggingFailureAnalysisReporter.java:40] 

***************************
APPLICATION FAILED TO START
***************************

Description:

Failed to configure a DataSource: 'url' attribute is not specified and no embedded datasource could be configured.

Reason: Failed to determine a suitable driver class


Action:

Consider the following:
	If you want an embedded database (H2, HSQL or Derby), please put it on the classpath.
	If you have database settings to be loaded from a particular profile you may need to activate it (no profiles are currently active).

2021-06-23 14:51:56,203 ERROR [main] o.s.t.c.TestContextManager [TestContextManager.java:248] Caught exception while allowing TestExecutionListener [org.springframework.test.context.web.ServletTestExecutionListener@6273c5a4] to prepare test instance [net.guides.springboot2.logging.Springboot2LoggingApplicationTests@6807a356]
java.lang.IllegalStateException: Failed to load ApplicationContext
	at org.springframework.test.context.cache.DefaultCacheAwareContextLoaderDelegate.loadContext(DefaultCacheAwareContextLoaderDelegate.java:132)
	at org.springframework.test.context.support.DefaultTestContext.getApplicationContext(DefaultTestContext.java:124)
	at org.springframework.test.context.web.ServletTestExecutionListener.setUpRequestContextIfNecessary(ServletTestExecutionListener.java:190)
	at org.springframework.test.context.web.ServletTestExecutionListener.prepareTestInstance(ServletTestExecutionListener.java:132)
	at org.springframework.test.context.TestContextManager.prepareTestInstance(TestContextManager.java:244)
	at org.springframework.test.context.junit.jupiter.SpringExtension.postProcessTestInstance(SpringExtension.java:138)
	at org.junit.jupiter.engine.descriptor.ClassBasedTestDescriptor.lambda$invokeTestInstancePostProcessors$6(ClassBasedTestDescriptor.java:350)
	at org.junit.jupiter.engine.descriptor.ClassBasedTestDescriptor.executeAndMaskThrowable(ClassBasedTestDescriptor.java:355)
	at org.junit.jupiter.engine.descriptor.ClassBasedTestDescriptor.lambda$invokeTestInstancePostProcessors$7(ClassBasedTestDescriptor.java:350)
	at java.base/java.util.stream.ReferencePipeline$3$1.accept(ReferencePipeline.java:195)
	at java.base/java.util.stream.ReferencePipeline$2$1.accept(ReferencePipeline.java:177)
	at java.base/java.util.ArrayList$ArrayListSpliterator.forEachRemaining(ArrayList.java:1625)
	at java.base/java.util.stream.AbstractPipeline.copyInto(AbstractPipeline.java:484)
	at java.base/java.util.stream.AbstractPipeline.wrapAndCopyInto(AbstractPipeline.java:474)
	at java.base/java.util.stream.StreamSpliterators$WrappingSpliterator.forEachRemaining(StreamSpliterators.java:312)
	at java.base/java.util.stream.Streams$ConcatSpliterator.forEachRemaining(Streams.java:735)
	at java.base/java.util.stream.Streams$ConcatSpliterator.forEachRemaining(Streams.java:734)
	at java.base/java.util.stream.ReferencePipeline$Head.forEach(ReferencePipeline.java:658)
	at org.junit.jupiter.engine.descriptor.ClassBasedTestDescriptor.invokeTestInstancePostProcessors(ClassBasedTestDescriptor.java:349)
	at org.junit.jupiter.engine.descriptor.ClassBasedTestDescriptor.lambda$instantiateAndPostProcessTestInstance$4(ClassBasedTestDescriptor.java:270)
	at org.junit.platform.engine.support.hierarchical.ThrowableCollector.execute(ThrowableCollector.java:73)
	at org.junit.jupiter.engine.descriptor.ClassBasedTestDescriptor.instantiateAndPostProcessTestInstance(ClassBasedTestDescriptor.java:269)
	at org.junit.jupiter.engine.descriptor.ClassBasedTestDescriptor.lambda$testInstancesProvider$2(ClassBasedTestDescriptor.java:259)
	at java.base/java.util.Optional.orElseGet(Optional.java:362)
	at org.junit.jupiter.engine.descriptor.ClassBasedTestDescriptor.lambda$testInstancesProvider$3(ClassBasedTestDescriptor.java:258)
	at org.junit.jupiter.engine.execution.TestInstancesProvider.getTestInstances(TestInstancesProvider.java:31)
	at org.junit.jupiter.engine.descriptor.TestMethodTestDescriptor.lambda$prepare$0(TestMethodTestDescriptor.java:101)
	at org.junit.platform.engine.support.hierarchical.ThrowableCollector.execute(ThrowableCollector.java:73)
	at org.junit.jupiter.engine.descriptor.TestMethodTestDescriptor.prepare(TestMethodTestDescriptor.java:100)
	at org.junit.jupiter.engine.descriptor.TestMethodTestDescriptor.prepare(TestMethodTestDescriptor.java:65)
	at org.junit.platform.engine.support.hierarchical.NodeTestTask.lambda$prepare$1(NodeTestTask.java:111)
	at org.junit.platform.engine.support.hierarchical.ThrowableCollector.execute(ThrowableCollector.java:73)
	at org.junit.platform.engine.support.hierarchical.NodeTestTask.prepare(NodeTestTask.java:111)
	at org.junit.platform.engine.support.hierarchical.NodeTestTask.execute(NodeTestTask.java:79)
	at java.base/java.util.ArrayList.forEach(ArrayList.java:1511)
	at org.junit.platform.engine.support.hierarchical.SameThreadHierarchicalTestExecutorService.invokeAll(SameThreadHierarchicalTestExecutorService.java:38)
	at org.junit.platform.engine.support.hierarchical.NodeTestTask.lambda$executeRecursively$5(NodeTestTask.java:143)
	at org.junit.platform.engine.support.hierarchical.ThrowableCollector.execute(ThrowableCollector.java:73)
	at org.junit.platform.engine.support.hierarchical.NodeTestTask.lambda$executeRecursively$7(NodeTestTask.java:129)
	at org.junit.platform.engine.support.hierarchical.Node.around(Node.java:137)
	at org.junit.platform.engine.support.hierarchical.NodeTestTask.lambda$executeRecursively$8(NodeTestTask.java:127)
	at org.junit.platform.engine.support.hierarchical.ThrowableCollector.execute(ThrowableCollector.java:73)
	at org.junit.platform.engine.support.hierarchical.NodeTestTask.executeRecursively(NodeTestTask.java:126)
	at org.junit.platform.engine.support.hierarchical.NodeTestTask.execute(NodeTestTask.java:84)
	at java.base/java.util.ArrayList.forEach(ArrayList.java:1511)
	at org.junit.platform.engine.support.hierarchical.SameThreadHierarchicalTestExecutorService.invokeAll(SameThreadHierarchicalTestExecutorService.java:38)
	at org.junit.platform.engine.support.hierarchical.NodeTestTask.lambda$executeRecursively$5(NodeTestTask.java:143)
	at org.junit.platform.engine.support.hierarchical.ThrowableCollector.execute(ThrowableCollector.java:73)
	at org.junit.platform.engine.support.hierarchical.NodeTestTask.lambda$executeRecursively$7(NodeTestTask.java:129)
	at org.junit.platform.engine.support.hierarchical.Node.around(Node.java:137)
	at org.junit.platform.engine.support.hierarchical.NodeTestTask.lambda$executeRecursively$8(NodeTestTask.java:127)
	at org.junit.platform.engine.support.hierarchical.ThrowableCollector.execute(ThrowableCollector.java:73)
	at org.junit.platform.engine.support.hierarchical.NodeTestTask.executeRecursively(NodeTestTask.java:126)
	at org.junit.platform.engine.support.hierarchical.NodeTestTask.execute(NodeTestTask.java:84)
	at org.junit.platform.engine.support.hierarchical.SameThreadHierarchicalTestExecutorService.submit(SameThreadHierarchicalTestExecutorService.java:32)
	at org.junit.platform.engine.support.hierarchical.HierarchicalTestExecutor.execute(HierarchicalTestExecutor.java:57)
	at org.junit.platform.engine.support.hierarchical.HierarchicalTestEngine.execute(HierarchicalTestEngine.java:51)
	at org.junit.platform.launcher.core.DefaultLauncher.execute(DefaultLauncher.java:220)
	at org.junit.platform.launcher.core.DefaultLauncher.lambda$execute$6(DefaultLauncher.java:188)
	at org.junit.platform.launcher.core.DefaultLauncher.withInterceptedStreams(DefaultLauncher.java:202)
	at org.junit.platform.launcher.core.DefaultLauncher.execute(DefaultLauncher.java:181)
	at org.junit.platform.launcher.core.DefaultLauncher.execute(DefaultLauncher.java:128)
	at org.apache.maven.surefire.junitplatform.JUnitPlatformProvider.invokeAllTests(JUnitPlatformProvider.java:150)
	at org.apache.maven.surefire.junitplatform.JUnitPlatformProvider.invoke(JUnitPlatformProvider.java:124)
	at org.apache.maven.surefire.booter.ForkedBooter.invokeProviderInSameClassLoader(ForkedBooter.java:384)
	at org.apache.maven.surefire.booter.ForkedBooter.runSuitesInProcess(ForkedBooter.java:345)
	at org.apache.maven.surefire.booter.ForkedBooter.execute(ForkedBooter.java:126)
	at org.apache.maven.surefire.booter.ForkedBooter.main(ForkedBooter.java:418)
Caused by: org.springframework.beans.factory.UnsatisfiedDependencyException: Error creating bean with name 'dataSourceScriptDatabaseInitializer' defined in class path resource [org/springframework/boot/autoconfigure/sql/init/DataSourceInitializationConfiguration.class]: Unsatisfied dependency expressed through method 'dataSourceScriptDatabaseInitializer' parameter 0; nested exception is org.springframework.beans.factory.BeanCreationException: Error creating bean with name 'dataSource' defined in class path resource [org/springframework/boot/autoconfigure/jdbc/DataSourceConfiguration$Hikari.class]: Bean instantiation via factory method failed; nested exception is org.springframework.beans.BeanInstantiationException: Failed to instantiate [com.zaxxer.hikari.HikariDataSource]: Factory method 'dataSource' threw exception; nested exception is org.springframework.boot.autoconfigure.jdbc.DataSourceProperties$DataSourceBeanCreationException: Failed to determine a suitable driver class
	at org.springframework.beans.factory.support.ConstructorResolver.createArgumentArray(ConstructorResolver.java:800)
	at org.springframework.beans.factory.support.ConstructorResolver.instantiateUsingFactoryMethod(ConstructorResolver.java:541)
	at org.springframework.beans.factory.support.AbstractAutowireCapableBeanFactory.instantiateUsingFactoryMethod(AbstractAutowireCapableBeanFactory.java:1334)
	at org.springframework.beans.factory.support.AbstractAutowireCapableBeanFactory.createBeanInstance(AbstractAutowireCapableBeanFactory.java:1177)
	at org.springframework.beans.factory.support.AbstractAutowireCapableBeanFactory.doCreateBean(AbstractAutowireCapableBeanFactory.java:564)
	at org.springframework.beans.factory.support.AbstractAutowireCapableBeanFactory.createBean(AbstractAutowireCapableBeanFactory.java:524)
	at org.springframework.beans.factory.support.AbstractBeanFactory.lambda$doGetBean$0(AbstractBeanFactory.java:335)
	at org.springframework.beans.factory.support.DefaultSingletonBeanRegistry.getSingleton(DefaultSingletonBeanRegistry.java:234)
	at org.springframework.beans.factory.support.AbstractBeanFactory.doGetBean(AbstractBeanFactory.java:333)
	at org.springframework.beans.factory.support.AbstractBeanFactory.getBean(AbstractBeanFactory.java:208)
	at org.springframework.beans.factory.support.AbstractBeanFactory.doGetBean(AbstractBeanFactory.java:322)
	at org.springframework.beans.factory.support.AbstractBeanFactory.getBean(AbstractBeanFactory.java:208)
	at org.springframework.context.support.AbstractApplicationContext.getBean(AbstractApplicationContext.java:1154)
	at org.springframework.context.support.AbstractApplicationContext.finishBeanFactoryInitialization(AbstractApplicationContext.java:908)
	at org.springframework.context.support.AbstractApplicationContext.refresh(AbstractApplicationContext.java:583)
	at org.springframework.boot.SpringApplication.refresh(SpringApplication.java:754)
	at org.springframework.boot.SpringApplication.refreshContext(SpringApplication.java:434)
	at org.springframework.boot.SpringApplication.run(SpringApplication.java:338)
	at org.springframework.boot.test.context.SpringBootContextLoader.loadContext(SpringBootContextLoader.java:123)
	at org.springframework.test.context.cache.DefaultCacheAwareContextLoaderDelegate.loadContextInternal(DefaultCacheAwareContextLoaderDelegate.java:99)
	at org.springframework.test.context.cache.DefaultCacheAwareContextLoaderDelegate.loadContext(DefaultCacheAwareContextLoaderDelegate.java:124)
	... 67 common frames omitted
Caused by: org.springframework.beans.factory.BeanCreationException: Error creating bean with name 'dataSource' defined in class path resource [org/springframework/boot/autoconfigure/jdbc/DataSourceConfiguration$Hikari.class]: Bean instantiation via factory method failed; nested exception is org.springframework.beans.BeanInstantiationException: Failed to instantiate [com.zaxxer.hikari.HikariDataSource]: Factory method 'dataSource' threw exception; nested exception is org.springframework.boot.autoconfigure.jdbc.DataSourceProperties$DataSourceBeanCreationException: Failed to determine a suitable driver class
	at org.springframework.beans.factory.support.ConstructorResolver.instantiate(ConstructorResolver.java:658)
	at org.springframework.beans.factory.support.ConstructorResolver.instantiateUsingFactoryMethod(ConstructorResolver.java:638)
	at org.springframework.beans.factory.support.AbstractAutowireCapableBeanFactory.instantiateUsingFactoryMethod(AbstractAutowireCapableBeanFactory.java:1334)
	at org.springframework.beans.factory.support.AbstractAutowireCapableBeanFactory.createBeanInstance(AbstractAutowireCapableBeanFactory.java:1177)
	at org.springframework.beans.factory.support.AbstractAutowireCapableBeanFactory.doCreateBean(AbstractAutowireCapableBeanFactory.java:564)
	at org.springframework.beans.factory.support.AbstractAutowireCapableBeanFactory.createBean(AbstractAutowireCapableBeanFactory.java:524)
	at org.springframework.beans.factory.support.AbstractBeanFactory.lambda$doGetBean$0(AbstractBeanFactory.java:335)
	at org.springframework.beans.factory.support.DefaultSingletonBeanRegistry.getSingleton(DefaultSingletonBeanRegistry.java:234)
	at org.springframework.beans.factory.support.AbstractBeanFactory.doGetBean(AbstractBeanFactory.java:333)
	at org.springframework.beans.factory.support.AbstractBeanFactory.getBean(AbstractBeanFactory.java:208)
	at org.springframework.beans.factory.config.DependencyDescriptor.resolveCandidate(DependencyDescriptor.java:276)
	at org.springframework.beans.factory.support.DefaultListableBeanFactory.doResolveDependency(DefaultListableBeanFactory.java:1380)
	at org.springframework.beans.factory.support.DefaultListableBeanFactory.resolveDependency(DefaultListableBeanFactory.java:1300)
	at org.springframework.beans.factory.support.ConstructorResolver.resolveAutowiredArgument(ConstructorResolver.java:887)
	at org.springframework.beans.factory.support.ConstructorResolver.createArgumentArray(ConstructorResolver.java:791)
	... 87 common frames omitted
Caused by: org.springframework.beans.BeanInstantiationException: Failed to instantiate [com.zaxxer.hikari.HikariDataSource]: Factory method 'dataSource' threw exception; nested exception is org.springframework.boot.autoconfigure.jdbc.DataSourceProperties$DataSourceBeanCreationException: Failed to determine a suitable driver class
	at org.springframework.beans.factory.support.SimpleInstantiationStrategy.instantiate(SimpleInstantiationStrategy.java:185)
	at org.springframework.beans.factory.support.ConstructorResolver.instantiate(ConstructorResolver.java:653)
	... 101 common frames omitted
Caused by: org.springframework.boot.autoconfigure.jdbc.DataSourceProperties$DataSourceBeanCreationException: Failed to determine a suitable driver class
	at org.springframework.boot.autoconfigure.jdbc.DataSourceProperties.determineDriverClassName(DataSourceProperties.java:252)
	at org.springframework.boot.autoconfigure.jdbc.DataSourceProperties.initializeDataSourceBuilder(DataSourceProperties.java:193)
	at org.springframework.boot.autoconfigure.jdbc.DataSourceConfiguration.createDataSource(DataSourceConfiguration.java:48)
	at org.springframework.boot.autoconfigure.jdbc.DataSourceConfiguration$Hikari.dataSource(DataSourceConfiguration.java:90)
	at java.base/jdk.internal.reflect.NativeMethodAccessorImpl.invoke0(Native Method)
	at java.base/jdk.internal.reflect.NativeMethodAccessorImpl.invoke(NativeMethodAccessorImpl.java:64)
	at java.base/jdk.internal.reflect.DelegatingMethodAccessorImpl.invoke(DelegatingMethodAccessorImpl.java:43)
	at java.base/java.lang.reflect.Method.invoke(Method.java:564)
	at org.springframework.beans.factory.support.SimpleInstantiationStrategy.instantiate(SimpleInstantiationStrategy.java:154)
	... 102 common frames omitted
2021-06-23 14:52:15,797 INFO [main] n.g.s.l.Springboot2LoggingApplication [StartupInfoLogger.java:55] Starting Springboot2LoggingApplication using Java 15.0.2 on DESKTOP-N2VQBHK with PID 12476 (C:\Users\Sai Teja\Documents\workspace-spring-tool-suite-4-4.10.0.RELEASE\springboot2-logging\target\classes started by Sai Teja in C:\Users\Sai Teja\Documents\workspace-spring-tool-suite-4-4.10.0.RELEASE\springboot2-logging)
2021-06-23 14:52:15,800 DEBUG [main] n.g.s.l.Springboot2LoggingApplication [StartupInfoLogger.java:56] Running with Spring Boot v2.5.1, Spring v5.3.8
2021-06-23 14:52:15,800 INFO [main] n.g.s.l.Springboot2LoggingApplication [SpringApplication.java:659] No active profile set, falling back to default profiles: default
2021-06-23 14:52:16,551 INFO [main] o.s.d.r.c.RepositoryConfigurationDelegate [RepositoryConfigurationDelegate.java:132] Bootstrapping Spring Data JPA repositories in DEFAULT mode.
2021-06-23 14:52:16,568 INFO [main] o.s.d.r.c.RepositoryConfigurationDelegate [RepositoryConfigurationDelegate.java:201] Finished Spring Data repository scanning in 6 ms. Found 0 JPA repository interfaces.
2021-06-23 14:52:17,080 INFO [main] o.s.b.w.e.t.TomcatWebServer [TomcatWebServer.java:108] Tomcat initialized with port(s): 8080 (http)
2021-06-23 14:52:17,094 INFO [main] o.a.c.h.Http11NioProtocol [DirectJDKLog.java:173] Initializing ProtocolHandler ["http-nio-8080"]
2021-06-23 14:52:17,094 INFO [main] o.a.c.c.StandardService [DirectJDKLog.java:173] Starting service [Tomcat]
2021-06-23 14:52:17,094 INFO [main] o.a.c.c.StandardEngine [DirectJDKLog.java:173] Starting Servlet engine: [Apache Tomcat/9.0.46]
2021-06-23 14:52:17,195 INFO [main] o.a.c.c.C.[.[.[/] [DirectJDKLog.java:173] Initializing Spring embedded WebApplicationContext
2021-06-23 14:52:17,195 INFO [main] o.s.b.w.s.c.ServletWebServerApplicationContext [ServletWebServerApplicationContext.java:290] Root WebApplicationContext: initialization completed in 1334 ms
2021-06-23 14:52:17,254 WARN [main] o.s.b.w.s.c.AnnotationConfigServletWebServerApplicationContext [AbstractApplicationContext.java:591] Exception encountered during context initialization - cancelling refresh attempt: org.springframework.beans.factory.UnsatisfiedDependencyException: Error creating bean with name 'dataSourceScriptDatabaseInitializer' defined in class path resource [org/springframework/boot/autoconfigure/sql/init/DataSourceInitializationConfiguration.class]: Unsatisfied dependency expressed through method 'dataSourceScriptDatabaseInitializer' parameter 0; nested exception is org.springframework.beans.factory.BeanCreationException: Error creating bean with name 'dataSource' defined in class path resource [org/springframework/boot/autoconfigure/jdbc/DataSourceConfiguration$Hikari.class]: Bean instantiation via factory method failed; nested exception is org.springframework.beans.BeanInstantiationException: Failed to instantiate [com.zaxxer.hikari.HikariDataSource]: Factory method 'dataSource' threw exception; nested exception is org.springframework.boot.autoconfigure.jdbc.DataSourceProperties$DataSourceBeanCreationException: Failed to determine a suitable driver class
2021-06-23 14:52:17,258 INFO [main] o.a.c.c.StandardService [DirectJDKLog.java:173] Stopping service [Tomcat]
2021-06-23 14:52:17,271 INFO [main] o.s.b.a.l.ConditionEvaluationReportLoggingListener [ConditionEvaluationReportLoggingListener.java:136] 

Error starting ApplicationContext. To display the conditions report re-run your application with 'debug' enabled.
2021-06-23 14:52:17,284 ERROR [main] o.s.b.d.LoggingFailureAnalysisReporter [LoggingFailureAnalysisReporter.java:40] 

***************************
APPLICATION FAILED TO START
***************************

Description:

Failed to configure a DataSource: 'url' attribute is not specified and no embedded datasource could be configured.

Reason: Failed to determine a suitable driver class


Action:

Consider the following:
	If you want an embedded database (H2, HSQL or Derby), please put it on the classpath.
	If you have database settings to be loaded from a particular profile you may need to activate it (no profiles are currently active).

2021-06-23 14:52:49,300 INFO [main] n.g.s.l.Springboot2LoggingApplication [StartupInfoLogger.java:55] Starting Springboot2LoggingApplication using Java 15.0.2 on DESKTOP-N2VQBHK with PID 14860 (C:\Users\Sai Teja\Documents\workspace-spring-tool-suite-4-4.10.0.RELEASE\springboot2-logging\target\classes started by Sai Teja in C:\Users\Sai Teja\Documents\workspace-spring-tool-suite-4-4.10.0.RELEASE\springboot2-logging)
2021-06-23 14:52:49,304 DEBUG [main] n.g.s.l.Springboot2LoggingApplication [StartupInfoLogger.java:56] Running with Spring Boot v2.5.1, Spring v5.3.8
2021-06-23 14:52:49,304 INFO [main] n.g.s.l.Springboot2LoggingApplication [SpringApplication.java:659] No active profile set, falling back to default profiles: default
2021-06-23 14:52:50,033 INFO [main] o.s.d.r.c.RepositoryConfigurationDelegate [RepositoryConfigurationDelegate.java:132] Bootstrapping Spring Data JPA repositories in DEFAULT mode.
2021-06-23 14:52:50,047 INFO [main] o.s.d.r.c.RepositoryConfigurationDelegate [RepositoryConfigurationDelegate.java:201] Finished Spring Data repository scanning in 6 ms. Found 0 JPA repository interfaces.
2021-06-23 14:52:50,574 INFO [main] o.s.b.w.e.t.TomcatWebServer [TomcatWebServer.java:108] Tomcat initialized with port(s): 8080 (http)
2021-06-23 14:52:50,586 INFO [main] o.a.c.h.Http11NioProtocol [DirectJDKLog.java:173] Initializing ProtocolHandler ["http-nio-8080"]
2021-06-23 14:52:50,586 INFO [main] o.a.c.c.StandardService [DirectJDKLog.java:173] Starting service [Tomcat]
2021-06-23 14:52:50,586 INFO [main] o.a.c.c.StandardEngine [DirectJDKLog.java:173] Starting Servlet engine: [Apache Tomcat/9.0.46]
2021-06-23 14:52:50,695 INFO [main] o.a.c.c.C.[.[.[/] [DirectJDKLog.java:173] Initializing Spring embedded WebApplicationContext
2021-06-23 14:52:50,696 INFO [main] o.s.b.w.s.c.ServletWebServerApplicationContext [ServletWebServerApplicationContext.java:290] Root WebApplicationContext: initialization completed in 1308 ms
2021-06-23 14:52:50,757 WARN [main] o.s.b.w.s.c.AnnotationConfigServletWebServerApplicationContext [AbstractApplicationContext.java:591] Exception encountered during context initialization - cancelling refresh attempt: org.springframework.beans.factory.UnsatisfiedDependencyException: Error creating bean with name 'dataSourceScriptDatabaseInitializer' defined in class path resource [org/springframework/boot/autoconfigure/sql/init/DataSourceInitializationConfiguration.class]: Unsatisfied dependency expressed through method 'dataSourceScriptDatabaseInitializer' parameter 0; nested exception is org.springframework.beans.factory.BeanCreationException: Error creating bean with name 'dataSource' defined in class path resource [org/springframework/boot/autoconfigure/jdbc/DataSourceConfiguration$Hikari.class]: Bean instantiation via factory method failed; nested exception is org.springframework.beans.BeanInstantiationException: Failed to instantiate [com.zaxxer.hikari.HikariDataSource]: Factory method 'dataSource' threw exception; nested exception is org.springframework.boot.autoconfigure.jdbc.DataSourceProperties$DataSourceBeanCreationException: Failed to determine a suitable driver class
2021-06-23 14:52:50,760 INFO [main] o.a.c.c.StandardService [DirectJDKLog.java:173] Stopping service [Tomcat]
2021-06-23 14:52:50,770 INFO [main] o.s.b.a.l.ConditionEvaluationReportLoggingListener [ConditionEvaluationReportLoggingListener.java:136] 

Error starting ApplicationContext. To display the conditions report re-run your application with 'debug' enabled.
2021-06-23 14:52:50,789 ERROR [main] o.s.b.d.LoggingFailureAnalysisReporter [LoggingFailureAnalysisReporter.java:40] 

***************************
APPLICATION FAILED TO START
***************************

Description:

Failed to configure a DataSource: 'url' attribute is not specified and no embedded datasource could be configured.

Reason: Failed to determine a suitable driver class


Action:

Consider the following:
	If you want an embedded database (H2, HSQL or Derby), please put it on the classpath.
	If you have database settings to be loaded from a particular profile you may need to activate it (no profiles are currently active).

2021-06-23 14:59:24,200 INFO [main] n.g.s.l.Springboot2LoggingApplication [StartupInfoLogger.java:55] Starting Springboot2LoggingApplication using Java 15.0.2 on DESKTOP-N2VQBHK with PID 10920 (C:\Users\Sai Teja\Documents\workspace-spring-tool-suite-4-4.10.0.RELEASE\springboot2-logging\target\classes started by Sai Teja in C:\Users\Sai Teja\Documents\workspace-spring-tool-suite-4-4.10.0.RELEASE\springboot2-logging)
2021-06-23 14:59:24,206 DEBUG [main] n.g.s.l.Springboot2LoggingApplication [StartupInfoLogger.java:56] Running with Spring Boot v2.5.1, Spring v5.3.8
2021-06-23 14:59:24,206 INFO [main] n.g.s.l.Springboot2LoggingApplication [SpringApplication.java:659] No active profile set, falling back to default profiles: default
2021-06-23 14:59:25,768 INFO [main] o.s.d.r.c.RepositoryConfigurationDelegate [RepositoryConfigurationDelegate.java:132] Bootstrapping Spring Data JPA repositories in DEFAULT mode.
2021-06-23 14:59:25,802 INFO [main] o.s.d.r.c.RepositoryConfigurationDelegate [RepositoryConfigurationDelegate.java:201] Finished Spring Data repository scanning in 13 ms. Found 0 JPA repository interfaces.
2021-06-23 14:59:26,929 INFO [main] o.s.b.w.e.t.TomcatWebServer [TomcatWebServer.java:108] Tomcat initialized with port(s): 8080 (http)
2021-06-23 14:59:26,956 INFO [main] o.a.c.h.Http11NioProtocol [DirectJDKLog.java:173] Initializing ProtocolHandler ["http-nio-8080"]
2021-06-23 14:59:26,957 INFO [main] o.a.c.c.StandardService [DirectJDKLog.java:173] Starting service [Tomcat]
2021-06-23 14:59:26,958 INFO [main] o.a.c.c.StandardEngine [DirectJDKLog.java:173] Starting Servlet engine: [Apache Tomcat/9.0.46]
2021-06-23 14:59:27,142 INFO [main] o.a.c.c.C.[.[.[/] [DirectJDKLog.java:173] Initializing Spring embedded WebApplicationContext
2021-06-23 14:59:27,142 INFO [main] o.s.b.w.s.c.ServletWebServerApplicationContext [ServletWebServerApplicationContext.java:290] Root WebApplicationContext: initialization completed in 2779 ms
2021-06-23 14:59:27,289 WARN [main] o.s.b.w.s.c.AnnotationConfigServletWebServerApplicationContext [AbstractApplicationContext.java:591] Exception encountered during context initialization - cancelling refresh attempt: org.springframework.beans.factory.UnsatisfiedDependencyException: Error creating bean with name 'dataSourceScriptDatabaseInitializer' defined in class path resource [org/springframework/boot/autoconfigure/sql/init/DataSourceInitializationConfiguration.class]: Unsatisfied dependency expressed through method 'dataSourceScriptDatabaseInitializer' parameter 0; nested exception is org.springframework.beans.factory.BeanCreationException: Error creating bean with name 'dataSource' defined in class path resource [org/springframework/boot/autoconfigure/jdbc/DataSourceConfiguration$Hikari.class]: Bean instantiation via factory method failed; nested exception is org.springframework.beans.BeanInstantiationException: Failed to instantiate [com.zaxxer.hikari.HikariDataSource]: Factory method 'dataSource' threw exception; nested exception is org.springframework.boot.autoconfigure.jdbc.DataSourceProperties$DataSourceBeanCreationException: Failed to determine a suitable driver class
2021-06-23 14:59:27,295 INFO [main] o.a.c.c.StandardService [DirectJDKLog.java:173] Stopping service [Tomcat]
2021-06-23 14:59:27,334 INFO [main] o.s.b.a.l.ConditionEvaluationReportLoggingListener [ConditionEvaluationReportLoggingListener.java:136] 

Error starting ApplicationContext. To display the conditions report re-run your application with 'debug' enabled.
2021-06-23 14:59:27,371 ERROR [main] o.s.b.d.LoggingFailureAnalysisReporter [LoggingFailureAnalysisReporter.java:40] 

***************************
APPLICATION FAILED TO START
***************************

Description:

Failed to configure a DataSource: 'url' attribute is not specified and no embedded datasource could be configured.

Reason: Failed to determine a suitable driver class


Action:

Consider the following:
	If you want an embedded database (H2, HSQL or Derby), please put it on the classpath.
	If you have database settings to be loaded from a particular profile you may need to activate it (no profiles are currently active).

2021-06-23 15:01:28,294 INFO [main] n.g.s.l.Springboot2LoggingApplication [StartupInfoLogger.java:55] Starting Springboot2LoggingApplication using Java 15.0.2 on DESKTOP-N2VQBHK with PID 14920 (C:\Users\Sai Teja\Documents\workspace-spring-tool-suite-4-4.10.0.RELEASE\springboot2-logging\target\classes started by Sai Teja in C:\Users\Sai Teja\Documents\workspace-spring-tool-suite-4-4.10.0.RELEASE\springboot2-logging)
2021-06-23 15:01:28,301 DEBUG [main] n.g.s.l.Springboot2LoggingApplication [StartupInfoLogger.java:56] Running with Spring Boot v2.5.1, Spring v5.3.8
2021-06-23 15:01:28,306 INFO [main] n.g.s.l.Springboot2LoggingApplication [SpringApplication.java:659] No active profile set, falling back to default profiles: default
2021-06-23 15:01:29,680 INFO [main] o.s.d.r.c.RepositoryConfigurationDelegate [RepositoryConfigurationDelegate.java:132] Bootstrapping Spring Data JPA repositories in DEFAULT mode.
2021-06-23 15:01:29,704 INFO [main] o.s.d.r.c.RepositoryConfigurationDelegate [RepositoryConfigurationDelegate.java:201] Finished Spring Data repository scanning in 9 ms. Found 0 JPA repository interfaces.
2021-06-23 15:01:30,880 INFO [main] o.s.b.w.e.t.TomcatWebServer [TomcatWebServer.java:108] Tomcat initialized with port(s): 8080 (http)
2021-06-23 15:01:30,903 INFO [main] o.a.c.h.Http11NioProtocol [DirectJDKLog.java:173] Initializing ProtocolHandler ["http-nio-8080"]
2021-06-23 15:01:30,905 INFO [main] o.a.c.c.StandardService [DirectJDKLog.java:173] Starting service [Tomcat]
2021-06-23 15:01:30,905 INFO [main] o.a.c.c.StandardEngine [DirectJDKLog.java:173] Starting Servlet engine: [Apache Tomcat/9.0.46]
2021-06-23 15:01:31,077 INFO [main] o.a.c.c.C.[.[.[/] [DirectJDKLog.java:173] Initializing Spring embedded WebApplicationContext
2021-06-23 15:01:31,078 INFO [main] o.s.b.w.s.c.ServletWebServerApplicationContext [ServletWebServerApplicationContext.java:290] Root WebApplicationContext: initialization completed in 2638 ms
2021-06-23 15:01:31,264 INFO [main] c.z.h.HikariDataSource [HikariDataSource.java:110] HikariPool-1 - Starting...
2021-06-23 15:01:31,547 INFO [main] c.z.h.HikariDataSource [HikariDataSource.java:123] HikariPool-1 - Start completed.
2021-06-23 15:01:32,852 INFO [main] o.s.o.j.LocalContainerEntityManagerFactoryBean [AbstractEntityManagerFactoryBean.java:437] Initialized JPA EntityManagerFactory for persistence unit 'default'
2021-06-23 15:01:32,949 WARN [main] o.s.b.a.o.j.JpaBaseConfiguration$JpaWebConfiguration [JpaBaseConfiguration.java:219] spring.jpa.open-in-view is enabled by default. Therefore, database queries may be performed during view rendering. Explicitly configure spring.jpa.open-in-view to disable this warning
2021-06-23 15:01:33,589 INFO [main] o.s.b.a.s.s.UserDetailsServiceAutoConfiguration [UserDetailsServiceAutoConfiguration.java:86] 

Using generated security password: b81173f9-c73f-4883-916c-d6dca395cafd

2021-06-23 15:01:33,817 INFO [main] o.s.s.w.DefaultSecurityFilterChain [DefaultSecurityFilterChain.java:51] Will secure any request with [org.springframework.security.web.context.request.async.WebAsyncManagerIntegrationFilter@1d2d4d7a, org.springframework.security.web.context.SecurityContextPersistenceFilter@413eaf5d, org.springframework.security.web.header.HeaderWriterFilter@c1a74d, org.springframework.security.web.csrf.CsrfFilter@3dfc59c5, org.springframework.security.web.authentication.logout.LogoutFilter@32e7b78d, org.springframework.security.web.authentication.UsernamePasswordAuthenticationFilter@40b54762, org.springframework.security.web.authentication.ui.DefaultLoginPageGeneratingFilter@4583b617, org.springframework.security.web.authentication.ui.DefaultLogoutPageGeneratingFilter@5e020dd1, org.springframework.security.web.authentication.www.BasicAuthenticationFilter@3815a7d1, org.springframework.security.web.savedrequest.RequestCacheAwareFilter@33891646, org.springframework.security.web.servletapi.SecurityContextHolderAwareRequestFilter@f42336c, org.springframework.security.web.authentication.AnonymousAuthenticationFilter@4bbc02ef, org.springframework.security.web.session.SessionManagementFilter@5cfa2ac5, org.springframework.security.web.access.ExceptionTranslationFilter@686e7513, org.springframework.security.web.access.intercept.FilterSecurityInterceptor@16944b58]
2021-06-23 15:01:33,939 INFO [main] o.a.c.h.Http11NioProtocol [DirectJDKLog.java:173] Starting ProtocolHandler ["http-nio-8080"]
2021-06-23 15:01:33,998 INFO [main] o.s.b.w.e.t.TomcatWebServer [TomcatWebServer.java:220] Tomcat started on port(s): 8080 (http) with context path ''
2021-06-23 15:01:34,031 INFO [main] n.g.s.l.Springboot2LoggingApplication [StartupInfoLogger.java:61] Started Springboot2LoggingApplication in 6.316 seconds (JVM running for 7.176)
